
> openelis-global-react-app@0.1.0 test
> react-scripts test BoxCrudControls.test.jsx --watchAll=false

FAIL src/components/storage/StorageDashboard/BoxCrudControls.test.jsx
  BoxCrudControls
    ✕ testAddButton_DisabledWithoutRack (46 ms)
    ✕ testSelectedBox_ShowsOverflowMenu (24 ms)

  ● BoxCrudControls › testAddButton_DisabledWithoutRack

    TypeError: expect(...).toBeDisabled is not a function

      36 |
      37 |     const addButton = screen.getByTestId("add-box-button");
    > 38 |     expect(addButton).toBeDisabled();
         |                       ^
      39 |     expect(screen.queryByTestId("location-actions-overflow-menu")).toBeNull();
      40 |   });
      41 |

      at Object.<anonymous> (src/components/storage/StorageDashboard/BoxCrudControls.test.jsx:38:23)
      at TestScheduler.scheduleTests (node_modules/@jest/core/build/TestScheduler.js:333:13)
      at runJest (node_modules/@jest/core/build/runJest.js:404:19)
      at _run10000 (node_modules/@jest/core/build/cli/index.js:320:7)
      at runCLI (node_modules/@jest/core/build/cli/index.js:173:3)

  ● BoxCrudControls › testSelectedBox_ShowsOverflowMenu

    TypeError: expect(...).not.toBeDisabled is not a function

      52 |
      53 |     const addButton = screen.getByTestId("add-box-button");
    > 54 |     expect(addButton).not.toBeDisabled();
         |                           ^
      55 |
      56 |     const menu = screen.getByTestId("location-actions-overflow-menu");
      57 |     expect(menu).toBeInTheDocument();

      at Object.<anonymous> (src/components/storage/StorageDashboard/BoxCrudControls.test.jsx:54:27)
      at TestScheduler.scheduleTests (node_modules/@jest/core/build/TestScheduler.js:333:13)
      at runJest (node_modules/@jest/core/build/runJest.js:404:19)
      at _run10000 (node_modules/@jest/core/build/cli/index.js:320:7)
      at runCLI (node_modules/@jest/core/build/cli/index.js:173:3)

Test Suites: 1 failed, 1 total
Tests:       2 failed, 2 total
Snapshots:   0 total
Time:        1.652 s
Ran all test suites matching /BoxCrudControls.test.jsx/i.
