Running tests in custom order: [
  'cypress/e2e/login.cy.js',
  'cypress/e2e/home.cy.js',
  'cypress/e2e/AdminE2E/organizationManagement.cy.js',
  'cypress/e2e/AdminE2E/providerManagement.cy.js',
  'cypress/e2e/patientEntry.cy.js',
  'cypress/e2e/orderEntity.cy.js',
  'cypress/e2e/AdminE2E/barcode.cy.js',
  'cypress/e2e/AdminE2E/batchTestReassignmentandCancelation.cy.js',
  'cypress/e2e/AdminE2E/calculatedValueTestsManagement.cy.js',
  'cypress/e2e/AdminE2E/dictionaryMenu.cy.js',
  'cypress/e2e/AdminE2E/generalConfigurations.cy.js',
  'cypress/e2e/AdminE2E/MenuConfig/billingMenuConfig.cy.js',
  'cypress/e2e/AdminE2E/MenuConfig/globalMenuConfig.cy.js',
  'cypress/e2e/AdminE2E/MenuConfig/nonConformMenuConfig.cy.js',
  'cypress/e2e/AdminE2E/MenuConfig/patientMenuConfig.cy.js',
  'cypress/e2e/AdminE2E/MenuConfig/studyMenuConfig.cy.js',
  'cypress/e2e/AdminE2E/notifyUser.cy.js',
  'cypress/e2e/AdminE2E/programEntry.cy.js',
  'cypress/e2e/AdminE2E/reflexTestsManagement.cy.js',
  'cypress/e2e/AdminE2E/resultReportingConfig.cy.js',
  'cypress/e2e/AdminE2E/testManagement.cy.js',
  'cypress/e2e/AdminE2E/userManagement.cy.js',
  'cypress/e2e/batchOrderEntry.cy.js',
  'cypress/e2e/dashboard.cy.js',
  'cypress/e2e/help.cy.js',
  'cypress/e2e/labNumberManagement.cy.js',
  'cypress/e2e/modifyOrder.cy.js',
  'cypress/e2e/nonConform.cy.js',
  'cypress/e2e/notebookWorkflow.cy.js',
  'cypress/e2e/notebookWorkflowArchiving.cy.js',
  'cypress/e2e/notebookWorkflowRouting.cy.js',
  'cypress/e2e/notebookWorkflowStorage.cy.js',
  'cypress/e2e/patientMerge.cy.js',
  'cypress/e2e/report.cy.js',
  'cypress/e2e/result.cy.js',
  'cypress/e2e/storageAssignment.cy.js',
  'cypress/e2e/storageBoxCRUD-integration.cy.js',
  'cypress/e2e/storageBoxCRUD.cy.js',
  'cypress/e2e/storageDashboard.cy.js',
  'cypress/e2e/storageDashboardMetrics.cy.js',
  'cypress/e2e/storageDisposal.cy.js',
  'cypress/e2e/storageFilters.cy.js',
  'cypress/e2e/storageLocationCRUD-integration.cy.js',
  'cypress/e2e/storageLocationCRUD-smoke.cy.js',
  'cypress/e2e/storageLocationCRUD.cy.js',
  'cypress/e2e/storageLocationExpandableRows.cy.js',
  'cypress/e2e/storageSamplesTable.cy.js',
  'cypress/e2e/storageSearch.cy.js',
  'cypress/e2e/storageViewStorage.cy.js',
  'cypress/e2e/validation.cy.js',
  'cypress/e2e/workplan.cy.js'
]

====================================================================================================

  (Run Starting)

  ┌────────────────────────────────────────────────────────────────────────────────────────────────┐
  │ Cypress:        12.17.4                                                                        │
  │ Browser:        Chrome 144 (headless)                                                          │
  │ Node Version:   v16.20.2 (/home/ubuntu/.nvm/versions/node/v16.20.2/bin/node)                   │
  │ Specs:          5 found (MenuConfig/nonConformMenuConfig.cy.js, MenuConfig/patientMenuConfig.c │
  │                 y.js, MenuConfig/studyMenuConfig.cy.js, notifyUser.cy.js, programEntry.cy.js)  │
  │ Searched:       cypress/e2e/AdminE2E/MenuConfig/nonConformMenuConfig.cy.js, cypress/e2e/AdminE │
  │                 2E/MenuConfig/patientMenuConfig.cy.js, cypress/e2e/AdminE2E/MenuConfig/studyMe │
  │                 nuConfig.cy.js, cypress/e2e/AdminE2E/notifyUser.cy.js, cypress/e2e/AdminE2E/pr │
  │                 ogramEntry.cy.js                                                               │
  └────────────────────────────────────────────────────────────────────────────────────────────────┘


────────────────────────────────────────────────────────────────────────────────────────────────────
                                                                                                    
  Running:  MenuConfig/nonConformMenuConfig.cy.js                                           (1 of 5)


  1) "before all" hook for "User navigates to the Non-Conform Menu Configuration page"

  0 passing (19s)
  1 failing

  1) Non-Conform Menu Configuration
       "before all" hook for "User navigates to the Non-Conform Menu Configuration page":
     AssertionError: Timed out retrying after 3000ms: Expected to find element: `#menu_administration_nav`, but never found it.

Because this error occurred during a `before all` hook we are skipping all of the remaining tests.
      at HomePage.goToAdminPage (webpack://openelis-global-react-app/./cypress/pages/HomePage.js:294:7)
      at Context.eval (webpack://openelis-global-react-app/./cypress/e2e/AdminE2E/MenuConfig/nonConformMenuConfig.cy.js:14:23)




  (Results)

  ┌────────────────────────────────────────────────────────────────────────────────────────────────┐
  │ Tests:        7                                                                                │
  │ Passing:      0                                                                                │
  │ Failing:      1                                                                                │
  │ Pending:      0                                                                                │
  │ Skipped:      6                                                                                │
  │ Screenshots:  1                                                                                │
  │ Video:        false                                                                            │
  │ Duration:     18 seconds                                                                       │
  │ Spec Ran:     MenuConfig/nonConformMenuConfig.cy.js                                            │
  └────────────────────────────────────────────────────────────────────────────────────────────────┘


  (Screenshots)

  -  /home/ubuntu/OpenELIS-Global-2/frontend/cypress/screenshots/MenuConfig/nonConfor     (1280x581)
     mMenuConfig.cy.js/User navigates to the Non-Conform Menu Configuration page -- b               
     efore all hook (failed).png                                                                    


────────────────────────────────────────────────────────────────────────────────────────────────────
                                                                                                    
  Running:  MenuConfig/patientMenuConfig.cy.js                                              (2 of 5)


  Patient Menu Configuration
    ✓ User navigates to the Patient Menu Configuration page (19534ms)
    Deactivate Patient Menu
      ✓ Deactivate Patient Menu and submit (835ms)
      ✓ Validate Patient is Deactivated (9349ms)
    Activate Patient Menu
      ✓ Navigate to Patient Menu Page (5802ms)
      ✓ User turns on the toggle switch (182ms)
      ✓ User checks the menu items and submits (5144ms)
      ✓ Verify menu changes (5477ms)


  7 passing (46s)


  (Results)

  ┌────────────────────────────────────────────────────────────────────────────────────────────────┐
  │ Tests:        7                                                                                │
  │ Passing:      7                                                                                │
  │ Failing:      0                                                                                │
  │ Pending:      0                                                                                │
  │ Skipped:      0                                                                                │
  │ Screenshots:  0                                                                                │
  │ Video:        false                                                                            │
  │ Duration:     46 seconds                                                                       │
  │ Spec Ran:     MenuConfig/patientMenuConfig.cy.js                                               │
  └────────────────────────────────────────────────────────────────────────────────────────────────┘


────────────────────────────────────────────────────────────────────────────────────────────────────
                                                                                                    
  Running:  MenuConfig/studyMenuConfig.cy.js                                                (3 of 5)


  Study Menu Configuration
    ✓ User navigates to the Study Menu Configuration page (19167ms)
    Deactivate Study Menu
      ✓ Deactivate Study Menu and submit (5163ms)
      ✓ Validate Study is Deactivated (5209ms)
    Activate Study Menu
      ✓ Navigate to Study Menu Page (5811ms)
      ✓ User turns on the toggle switch (210ms)
      ✓ User checks the menu items and submits (5009ms)
      ✓ Verify menu changes (5196ms)


  7 passing (46s)


  (Results)

  ┌────────────────────────────────────────────────────────────────────────────────────────────────┐
  │ Tests:        7                                                                                │
  │ Passing:      7                                                                                │
  │ Failing:      0                                                                                │
  │ Pending:      0                                                                                │
  │ Skipped:      0                                                                                │
  │ Screenshots:  0                                                                                │
  │ Video:        false                                                                            │
  │ Duration:     46 seconds                                                                       │
  │ Spec Ran:     MenuConfig/studyMenuConfig.cy.js                                                 │
  └────────────────────────────────────────────────────────────────────────────────────────────────┘


────────────────────────────────────────────────────────────────────────────────────────────────────
                                                                                                    
  Running:  notifyUser.cy.js                                                                (4 of 5)


  Notify User
    ✓ Navigate to Notify User Page (19071ms)
    Enter Only Message
      ✓ Type Message and Submit (717ms)
    Select User only and Submit
      ✓ Select User And Submit (968ms)
    Enter Message and User
      ✓ Type Message (552ms)
      ✓ Select User And Submit (878ms)


  5 passing (22s)


  (Results)

  ┌────────────────────────────────────────────────────────────────────────────────────────────────┐
  │ Tests:        5                                                                                │
  │ Passing:      5                                                                                │
  │ Failing:      0                                                                                │
  │ Pending:      0                                                                                │
  │ Skipped:      0                                                                                │
  │ Screenshots:  0                                                                                │
  │ Video:        false                                                                            │
  │ Duration:     22 seconds                                                                       │
  │ Spec Ran:     notifyUser.cy.js                                                                 │
  └────────────────────────────────────────────────────────────────────────────────────────────────┘


────────────────────────────────────────────────────────────────────────────────────────────────────
                                                                                                    
  Running:  programEntry.cy.js                                                              (5 of 5)


  Selects various Programs
    ✓ Selects program: Routine Testing (19586ms)
    ✓ Selects program: People living with HIV Program - Initial Visit (641ms)
    ✓ Selects program: People living with HIV Program - Follow-up Visit (576ms)
    ✓ Selects program: Cytology (449ms)
    ✓ Selects program: Immunohistochemistry (574ms)
    ✓ Selects program: Histopathology (631ms)


  6 passing (1m)


  (Results)

  ┌────────────────────────────────────────────────────────────────────────────────────────────────┐
  │ Tests:        6                                                                                │
  │ Passing:      6                                                                                │
  │ Failing:      0                                                                                │
  │ Pending:      0                                                                                │
  │ Skipped:      0                                                                                │
  │ Screenshots:  0                                                                                │
  │ Video:        false                                                                            │
  │ Duration:     1 minute, 19 seconds                                                             │
  │ Spec Ran:     programEntry.cy.js                                                               │
  └────────────────────────────────────────────────────────────────────────────────────────────────┘


====================================================================================================

  (Run Finished)


       Spec                                              Tests  Passing  Failing  Pending  Skipped  
  ┌────────────────────────────────────────────────────────────────────────────────────────────────┐
  │ ✖  MenuConfig/nonConformMenuConfig.cy.      00:18        7        -        1        -        6 │
  │    js                                                                                          │
  ├────────────────────────────────────────────────────────────────────────────────────────────────┤
  │ ✔  MenuConfig/patientMenuConfig.cy.js       00:46        7        7        -        -        - │
  ├────────────────────────────────────────────────────────────────────────────────────────────────┤
  │ ✔  MenuConfig/studyMenuConfig.cy.js         00:46        7        7        -        -        - │
  ├────────────────────────────────────────────────────────────────────────────────────────────────┤
  │ ✔  notifyUser.cy.js                         00:22        5        5        -        -        - │
  ├────────────────────────────────────────────────────────────────────────────────────────────────┤
  │ ✔  programEntry.cy.js                       01:19        6        6        -        -        - │
  └────────────────────────────────────────────────────────────────────────────────────────────────┘
    ✖  1 of 5 failed (20%)                      03:32       32       25        1        -        6  

