Running tests in custom order: [
  'cypress/e2e/login.cy.js',
  'cypress/e2e/home.cy.js',
  'cypress/e2e/AdminE2E/organizationManagement.cy.js',
  'cypress/e2e/AdminE2E/providerManagement.cy.js',
  'cypress/e2e/patientEntry.cy.js',
  'cypress/e2e/orderEntity.cy.js',
  'cypress/e2e/AdminE2E/barcode.cy.js',
  'cypress/e2e/AdminE2E/batchTestReassignmentandCancelation.cy.js',
  'cypress/e2e/AdminE2E/calculatedValueTestsManagement.cy.js',
  'cypress/e2e/AdminE2E/dictionaryMenu.cy.js',
  'cypress/e2e/AdminE2E/generalConfigurations.cy.js',
  'cypress/e2e/AdminE2E/MenuConfig/billingMenuConfig.cy.js',
  'cypress/e2e/AdminE2E/MenuConfig/globalMenuConfig.cy.js',
  'cypress/e2e/AdminE2E/MenuConfig/nonConformMenuConfig.cy.js',
  'cypress/e2e/AdminE2E/MenuConfig/patientMenuConfig.cy.js',
  'cypress/e2e/AdminE2E/MenuConfig/studyMenuConfig.cy.js',
  'cypress/e2e/AdminE2E/notifyUser.cy.js',
  'cypress/e2e/AdminE2E/programEntry.cy.js',
  'cypress/e2e/AdminE2E/reflexTestsManagement.cy.js',
  'cypress/e2e/AdminE2E/resultReportingConfig.cy.js',
  'cypress/e2e/AdminE2E/testManagement.cy.js',
  'cypress/e2e/AdminE2E/userManagement.cy.js',
  'cypress/e2e/batchOrderEntry.cy.js',
  'cypress/e2e/dashboard.cy.js',
  'cypress/e2e/help.cy.js',
  'cypress/e2e/labNumberManagement.cy.js',
  'cypress/e2e/modifyOrder.cy.js',
  'cypress/e2e/nonConform.cy.js',
  'cypress/e2e/notebookWorkflow.cy.js',
  'cypress/e2e/notebookWorkflowArchiving.cy.js',
  'cypress/e2e/notebookWorkflowRouting.cy.js',
  'cypress/e2e/notebookWorkflowStorage.cy.js',
  'cypress/e2e/patientMerge.cy.js',
  'cypress/e2e/report.cy.js',
  'cypress/e2e/result.cy.js',
  'cypress/e2e/storageAssignment.cy.js',
  'cypress/e2e/storageBoxCRUD-integration.cy.js',
  'cypress/e2e/storageBoxCRUD.cy.js',
  'cypress/e2e/storageDashboard.cy.js',
  'cypress/e2e/storageDashboardMetrics.cy.js',
  'cypress/e2e/storageDisposal.cy.js',
  'cypress/e2e/storageFilters.cy.js',
  'cypress/e2e/storageLocationCRUD-integration.cy.js',
  'cypress/e2e/storageLocationCRUD-smoke.cy.js',
  'cypress/e2e/storageLocationCRUD.cy.js',
  'cypress/e2e/storageLocationExpandableRows.cy.js',
  'cypress/e2e/storageSamplesTable.cy.js',
  'cypress/e2e/storageSearch.cy.js',
  'cypress/e2e/storageViewStorage.cy.js',
  'cypress/e2e/validation.cy.js',
  'cypress/e2e/workplan.cy.js'
]

====================================================================================================

  (Run Starting)

  ┌────────────────────────────────────────────────────────────────────────────────────────────────┐
  │ Cypress:        12.17.4                                                                        │
  │ Browser:        Chrome 144 (headless)                                                          │
  │ Node Version:   v16.20.2 (/home/ubuntu/.nvm/versions/node/v16.20.2/bin/node)                   │
  │ Specs:          2 found (AdminE2E/providerManagement.cy.js, patientEntry.cy.js)                │
  │ Searched:       cypress/e2e/AdminE2E/providerManagement.cy.js, cypress/e2e/patientEntry.cy.js  │
  └────────────────────────────────────────────────────────────────────────────────────────────────┘


────────────────────────────────────────────────────────────────────────────────────────────────────
                                                                                                    
  Running:  AdminE2E/providerManagement.cy.js                                               (1 of 2)


  Provider Management
    1) Navigate to Admin Page

  0 passing (19s)
  1 failing

  1) Provider Management
       Navigate to Admin Page:
     CypressError: Timed out retrying after 3050ms: `cy.click()` failed because the page updated while this command was executing. Cypress tried to locate elements based on this query:

> <button.cds--header__action.cds--header__menu-trigger.cds--header__menu-toggle>

We initially found matching element(s), but while waiting for them to become actionable, they disappeared from the page. Common situations why this happens:
  - Your JS framework re-rendered asynchronously
  - Your app code reacted to an event firing and removed the element

You can typically solve this by breaking up a chain. For example, rewrite:

> `cy.get('button').click().click()`

to

> `cy.get('button').as('btn').click()`
> `cy.get('@btn').click()`

https://on.cypress.io/element-has-detached-from-dom
      at retryActionability (https://localhost/__cypress/runner/cypress_runner.js:112246:74)
      at tryCatcher (https://localhost/__cypress/runner/cypress_runner.js:1807:23)
      at Promise.attempt.Promise.try (https://localhost/__cypress/runner/cypress_runner.js:4315:29)
      at whenStable (https://localhost/__cypress/runner/cypress_runner.js:143192:68)
      at <unknown> (https://localhost/__cypress/runner/cypress_runner.js:143133:14)
      at tryCatcher (https://localhost/__cypress/runner/cypress_runner.js:1807:23)
      at Promise._settlePromiseFromHandler (https://localhost/__cypress/runner/cypress_runner.js:1519:31)
      at Promise._settlePromise (https://localhost/__cypress/runner/cypress_runner.js:1576:18)
      at Promise._settlePromise0 (https://localhost/__cypress/runner/cypress_runner.js:1621:10)
      at Promise._settlePromises (https://localhost/__cypress/runner/cypress_runner.js:1701:18)
      at Promise._fulfill (https://localhost/__cypress/runner/cypress_runner.js:1645:18)
      at <unknown> (https://localhost/__cypress/runner/cypress_runner.js:5450:46)
  From Your Spec Code:
      at HomePage.openNavigationMenu (webpack://openelis-global-react-app/./cypress/pages/HomePage.js:81:7)
      at HomePage.goToAdminPageProgram (webpack://openelis-global-react-app/./cypress/pages/HomePage.js:287:9)
      at Context.eval (webpack://openelis-global-react-app/./cypress/e2e/AdminE2E/providerManagement.cy.js:16:25)




  (Results)

  ┌────────────────────────────────────────────────────────────────────────────────────────────────┐
  │ Tests:        9                                                                                │
  │ Passing:      0                                                                                │
  │ Failing:      1                                                                                │
  │ Pending:      0                                                                                │
  │ Skipped:      8                                                                                │
  │ Screenshots:  1                                                                                │
  │ Video:        false                                                                            │
  │ Duration:     18 seconds                                                                       │
  │ Spec Ran:     AdminE2E/providerManagement.cy.js                                                │
  └────────────────────────────────────────────────────────────────────────────────────────────────┘


  (Screenshots)

  -  /home/ubuntu/OpenELIS-Global-2/frontend/cypress/screenshots/AdminE2E/providerMan     (1280x581)
     agement.cy.js/Provider Management -- Navigate to Admin Page (failed).png                       


────────────────────────────────────────────────────────────────────────────────────────────────────
                                                                                                    
  Running:  patientEntry.cy.js                                                              (2 of 2)


  Add New Patient
    ✓ User Visits Home Page and goes to Add Add|Modify Patient Page (18799ms)
    ✓ Add|Modify Patient page should appear with search field (22ms)
    ✓ External search button should be deactivated (14ms)
    ✓ Navigate to create Patient tab (376ms)
    ✓ Enter patient Information and clear (4414ms)
    ✓ Clear new patient information (206ms)
    ✓ Enter patient Information and save (4307ms)
    ✓ Save new patient information button (5791ms)

  Search Patient
    ✓ Search patients By gender (5989ms)
    ✓ Search Patient By FirstName only (6716ms)
    ✓ Search Patient By LastName only (6573ms)
    ✓ Search Patient By both Names (7327ms)
    1) Search patient By Date Of Birth

  12 passing (1m)
  1 failing

  1) Search Patient
       Search patient By Date Of Birth:
     CypressError: Timed out retrying after 3050ms: `cy.click()` failed because this element:

`<button id="local_search" data-cy="searchPatientButton" tabindex="0" class="cds--btn cds--btn--tertiary" type="submit">Search</button>`

is being covered by another element:

`<a id="menu_administration_nav" href="/MasterListsPage" target="" class="cds--side-nav__link">...</a>`

Fix this problem, or use {force: true} to disable error checking.

https://on.cypress.io/element-cannot-be-interacted-with
      at ensureIsDescendent (https://localhost/__cypress/runner/cypress_runner.js:111849:68)
      at ensureDescendents (https://localhost/__cypress/runner/cypress_runner.js:111900:5)
      at ensureDescendentsAndScroll (https://localhost/__cypress/runner/cypress_runner.js:111906:14)
      at ensureElIsNotCovered (https://localhost/__cypress/runner/cypress_runner.js:112037:5)
      at runAllChecks (https://localhost/__cypress/runner/cypress_runner.js:112217:52)
      at retryActionability (https://localhost/__cypress/runner/cypress_runner.js:112254:16)
      at tryCatcher (https://localhost/__cypress/runner/cypress_runner.js:1807:23)
      at Promise.attempt.Promise.try (https://localhost/__cypress/runner/cypress_runner.js:4315:29)
      at whenStable (https://localhost/__cypress/runner/cypress_runner.js:143192:68)
      at <unknown> (https://localhost/__cypress/runner/cypress_runner.js:143133:14)
      at tryCatcher (https://localhost/__cypress/runner/cypress_runner.js:1807:23)
      at Promise._settlePromiseFromHandler (https://localhost/__cypress/runner/cypress_runner.js:1519:31)
      at Promise._settlePromise (https://localhost/__cypress/runner/cypress_runner.js:1576:18)
      at Promise._settlePromise0 (https://localhost/__cypress/runner/cypress_runner.js:1621:10)
      at Promise._settlePromises (https://localhost/__cypress/runner/cypress_runner.js:1701:18)
      at Promise._fulfill (https://localhost/__cypress/runner/cypress_runner.js:1645:18)
      at <unknown> (https://localhost/__cypress/runner/cypress_runner.js:5450:46)
  From Your Spec Code:
      at PatientEntryPage.clickSearchPatientButton (webpack://openelis-global-react-app/./cypress/pages/PatientEntryPage.js:89:7)
      at Context.eval (webpack://openelis-global-react-app/./cypress/e2e/patientEntry.cy.js:130:18)




  (Results)

  ┌────────────────────────────────────────────────────────────────────────────────────────────────┐
  │ Tests:        15                                                                               │
  │ Passing:      12                                                                               │
  │ Failing:      1                                                                                │
  │ Pending:      0                                                                                │
  │ Skipped:      2                                                                                │
  │ Screenshots:  1                                                                                │
  │ Video:        false                                                                            │
  │ Duration:     1 minute, 6 seconds                                                              │
  │ Spec Ran:     patientEntry.cy.js                                                               │
  └────────────────────────────────────────────────────────────────────────────────────────────────┘


  (Screenshots)

  -  /home/ubuntu/OpenELIS-Global-2/frontend/cypress/screenshots/patientEntry.cy.js/S     (1280x581)
     earch Patient -- Search patient By Date Of Birth (failed).png                                  


====================================================================================================

  (Run Finished)


       Spec                                              Tests  Passing  Failing  Pending  Skipped  
  ┌────────────────────────────────────────────────────────────────────────────────────────────────┐
  │ ✖  AdminE2E/providerManagement.cy.js        00:18        9        -        1        -        8 │
  ├────────────────────────────────────────────────────────────────────────────────────────────────┤
  │ ✖  patientEntry.cy.js                       01:06       15       12        1        -        2 │
  └────────────────────────────────────────────────────────────────────────────────────────────────┘
    ✖  2 of 2 failed (100%)                     01:25       24       12        2        -       10  

