Running tests in custom order: [
  'cypress/e2e/login.cy.js',
  'cypress/e2e/home.cy.js',
  'cypress/e2e/AdminE2E/organizationManagement.cy.js',
  'cypress/e2e/AdminE2E/providerManagement.cy.js',
  'cypress/e2e/patientEntry.cy.js',
  'cypress/e2e/orderEntity.cy.js',
  'cypress/e2e/AdminE2E/barcode.cy.js',
  'cypress/e2e/AdminE2E/batchTestReassignmentandCancelation.cy.js',
  'cypress/e2e/AdminE2E/calculatedValueTestsManagement.cy.js',
  'cypress/e2e/AdminE2E/dictionaryMenu.cy.js',
  'cypress/e2e/AdminE2E/generalConfigurations.cy.js',
  'cypress/e2e/AdminE2E/MenuConfig/billingMenuConfig.cy.js',
  'cypress/e2e/AdminE2E/MenuConfig/globalMenuConfig.cy.js',
  'cypress/e2e/AdminE2E/MenuConfig/nonConformMenuConfig.cy.js',
  'cypress/e2e/AdminE2E/MenuConfig/patientMenuConfig.cy.js',
  'cypress/e2e/AdminE2E/MenuConfig/studyMenuConfig.cy.js',
  'cypress/e2e/AdminE2E/notifyUser.cy.js',
  'cypress/e2e/AdminE2E/programEntry.cy.js',
  'cypress/e2e/AdminE2E/reflexTestsManagement.cy.js',
  'cypress/e2e/AdminE2E/resultReportingConfig.cy.js',
  'cypress/e2e/AdminE2E/testManagement.cy.js',
  'cypress/e2e/AdminE2E/userManagement.cy.js',
  'cypress/e2e/batchOrderEntry.cy.js',
  'cypress/e2e/dashboard.cy.js',
  'cypress/e2e/help.cy.js',
  'cypress/e2e/labNumberManagement.cy.js',
  'cypress/e2e/modifyOrder.cy.js',
  'cypress/e2e/nonConform.cy.js',
  'cypress/e2e/notebookWorkflow.cy.js',
  'cypress/e2e/notebookWorkflowArchiving.cy.js',
  'cypress/e2e/notebookWorkflowRouting.cy.js',
  'cypress/e2e/notebookWorkflowStorage.cy.js',
  'cypress/e2e/patientMerge.cy.js',
  'cypress/e2e/report.cy.js',
  'cypress/e2e/result.cy.js',
  'cypress/e2e/storageAssignment.cy.js',
  'cypress/e2e/storageBoxCRUD-integration.cy.js',
  'cypress/e2e/storageBoxCRUD.cy.js',
  'cypress/e2e/storageDashboard.cy.js',
  'cypress/e2e/storageDashboardMetrics.cy.js',
  'cypress/e2e/storageDisposal.cy.js',
  'cypress/e2e/storageFilters.cy.js',
  'cypress/e2e/storageLocationCRUD-integration.cy.js',
  'cypress/e2e/storageLocationCRUD-smoke.cy.js',
  'cypress/e2e/storageLocationCRUD.cy.js',
  'cypress/e2e/storageLocationExpandableRows.cy.js',
  'cypress/e2e/storageSamplesTable.cy.js',
  'cypress/e2e/storageSearch.cy.js',
  'cypress/e2e/storageViewStorage.cy.js',
  'cypress/e2e/validation.cy.js',
  'cypress/e2e/workplan.cy.js'
]

====================================================================================================

  (Run Starting)

  ┌────────────────────────────────────────────────────────────────────────────────────────────────┐
  │ Cypress:        12.17.4                                                                        │
  │ Browser:        Chrome 144 (headless)                                                          │
  │ Node Version:   v16.20.2 (/home/ubuntu/.nvm/versions/node/v16.20.2/bin/node)                   │
  │ Specs:          5 found (calculatedValueTestsManagement.cy.js, dictionaryMenu.cy.js, generalCo │
  │                 nfigurations.cy.js, MenuConfig/billingMenuConfig.cy.js, MenuConfig/globalMenuC │
  │                 onfig.cy.js)                                                                   │
  │ Searched:       cypress/e2e/AdminE2E/calculatedValueTestsManagement.cy.js, cypress/e2e/AdminE2 │
  │                 E/dictionaryMenu.cy.js, cypress/e2e/AdminE2E/generalConfigurations.cy.js, cypr │
  │                 ess/e2e/AdminE2E/MenuConfig/billingMenuConfig.cy.js, cypress/e2e/AdminE2E/Menu │
  │                 Config/globalMenuConfig.cy.js                                                  │
  └────────────────────────────────────────────────────────────────────────────────────────────────┘


────────────────────────────────────────────────────────────────────────────────────────────────────
                                                                                                    
  Running:  calculatedValueTestsManagement.cy.js                                            (1 of 5)


  Calculated Value Tests Management
    1) Add Test Result

  0 passing (25s)
  1 failing

  1) Calculated Value Tests Management
       Add Test Result:
     AssertionError: Timed out retrying after 3000ms: Expected to find content: 'On' within the selector: '.cds--toggle__text' but never did.
      at ReflexTestsConfigPage.validateToggleStatus (webpack://openelis-global-react-app/./cypress/pages/ReflexTestsConfigPage.js:61:7)
      at Context.eval (webpack://openelis-global-react-app/./cypress/e2e/AdminE2E/calculatedValueTestsManagement.cy.js:24:28)




  (Results)

  ┌────────────────────────────────────────────────────────────────────────────────────────────────┐
  │ Tests:        7                                                                                │
  │ Passing:      0                                                                                │
  │ Failing:      1                                                                                │
  │ Pending:      0                                                                                │
  │ Skipped:      6                                                                                │
  │ Screenshots:  1                                                                                │
  │ Video:        false                                                                            │
  │ Duration:     24 seconds                                                                       │
  │ Spec Ran:     calculatedValueTestsManagement.cy.js                                             │
  └────────────────────────────────────────────────────────────────────────────────────────────────┘


  (Screenshots)

  -  /home/ubuntu/OpenELIS-Global-2/frontend/cypress/screenshots/calculatedValueTests     (1280x581)
     Management.cy.js/Calculated Value Tests Management -- Add Test Result (failed).p               
     ng                                                                                             


────────────────────────────────────────────────────────────────────────────────────────────────────
                                                                                                    
  Running:  dictionaryMenu.cy.js                                                            (2 of 5)


  Dictionary Menu
    ✓ Navigate to Dictionary Menu Page (19469ms)
    Add Dictionary and Cancel
      ✓ Add Dictionary (373ms)
      ✓ Enter details (2306ms)
    Add Dictionary and Add
      ✓ Add First Dictionary (390ms)
      ✓ Enter details (7390ms)
      ✓ Add Second Dictionary (351ms)
      ✓ Enter details (7537ms)
    Modify Dictionary
      ✓ Check and Modify First Dictionary (9596ms)
      1) Validate Modified Dictionary

  8 passing (59s)
  1 failing

  1) Dictionary Menu
       Modify Dictionary
         Validate Modified Dictionary:
     AssertionError: Timed out retrying after 3000ms: Expected to find element: `[data-cy="cell-isActive-1378"]`, but never found it.
      at DictionaryMenuPage.validateColumnContent (webpack://openelis-global-react-app/./cypress/pages/DictionaryMenu.js:105:53)
      at Context.eval (webpack://openelis-global-react-app/./cypress/e2e/AdminE2E/dictionaryMenu.cy.js:106:15)




  (Results)

  ┌────────────────────────────────────────────────────────────────────────────────────────────────┐
  │ Tests:        10                                                                               │
  │ Passing:      8                                                                                │
  │ Failing:      1                                                                                │
  │ Pending:      0                                                                                │
  │ Skipped:      1                                                                                │
  │ Screenshots:  1                                                                                │
  │ Video:        false                                                                            │
  │ Duration:     58 seconds                                                                       │
  │ Spec Ran:     dictionaryMenu.cy.js                                                             │
  └────────────────────────────────────────────────────────────────────────────────────────────────┘


  (Screenshots)

  -  /home/ubuntu/OpenELIS-Global-2/frontend/cypress/screenshots/dictionaryMenu.cy.js     (1280x581)
     /Dictionary Menu -- Modify Dictionary -- Validate Modified Dictionary (failed).p               
     ng                                                                                             


────────────────────────────────────────────────────────────────────────────────────────────────────
                                                                                                    
  Running:  generalConfigurations.cy.js                                                     (3 of 5)


  General Configurations
    NonConformity Configuration
      ✓ should toggle NonConformity configuration between True and False (32069ms)
    WorkPlan Configuration
      ✓ should toggle WorkPlan configuration between True and False (12379ms)
    SiteInformation Configuration
      ✓ should toggle SiteInformation configuration between True and False (12426ms)
    ResultEntity Configuration
      ✓ should toggle ResultEntity configuration between True and False (12041ms)
    PatientEntity Configuration
      ✓ should toggle PatientEntity configuration between True and False (12192ms)
    OrderEntity Configuration
      ✓ should toggle OrderEntity configuration between True and False (11879ms)
    PrintedReport Configuration
      ✓ Edit PrintedReport configuration value (12262ms)
    Validation Configuration
      ✓ Navigate to Validation Configuration (590ms)
      ✓ Edit value and validate (11916ms)
    Menu Statement Configuration
      ✓ Navigate to Menu Statement Configuration (540ms)


  10 passing (2m)


  (Results)

  ┌────────────────────────────────────────────────────────────────────────────────────────────────┐
  │ Tests:        10                                                                               │
  │ Passing:      10                                                                               │
  │ Failing:      0                                                                                │
  │ Pending:      0                                                                                │
  │ Skipped:      0                                                                                │
  │ Screenshots:  0                                                                                │
  │ Video:        false                                                                            │
  │ Duration:     1 minute, 58 seconds                                                             │
  │ Spec Ran:     generalConfigurations.cy.js                                                      │
  └────────────────────────────────────────────────────────────────────────────────────────────────┘


────────────────────────────────────────────────────────────────────────────────────────────────────
                                                                                                    
  Running:  MenuConfig/billingMenuConfig.cy.js                                              (4 of 5)


  Billing Menu Configuration
    ✓ User navigates to the Billing Menu Configuration page (19997ms)
    Deactivate Billing Menu
      ✓ Deactivate Billing Menu and submit (2076ms)
      ✓ Validate Billing is Deactivated (8778ms)
    Activate Billing Menu
      ✓ Navigate to Billing Menu Page (5817ms)
      ✓ User checks the menu items and submits (4948ms)
      ✓ Verify menu changes (5190ms)


  6 passing (47s)


  (Results)

  ┌────────────────────────────────────────────────────────────────────────────────────────────────┐
  │ Tests:        6                                                                                │
  │ Passing:      6                                                                                │
  │ Failing:      0                                                                                │
  │ Pending:      0                                                                                │
  │ Skipped:      0                                                                                │
  │ Screenshots:  0                                                                                │
  │ Video:        false                                                                            │
  │ Duration:     46 seconds                                                                       │
  │ Spec Ran:     MenuConfig/billingMenuConfig.cy.js                                               │
  └────────────────────────────────────────────────────────────────────────────────────────────────┘


────────────────────────────────────────────────────────────────────────────────────────────────────
                                                                                                    
  Running:  MenuConfig/globalMenuConfig.cy.js                                               (5 of 5)


  Global Menu Configuration
    ✓ User navigates to the Global Menu Configuration page (19091ms)
    ✓ User turns 0ff the toggle switch and submits (502ms)
    ✓ User turns on the toggle switch (412ms)
    ✓ User checks the menu items and submits (475ms)
