2025-11-19 12:49:02,486 [Worker-1: Loading available Gradle versions] INFO  o.e.b.c.i.u.g.PublishedGradleVersions - Gradle version information cache is up-to-date. Trying to read.
2025-11-19 12:49:27,334 [Worker-22: Updating Maven Dependencies] INFO  o.e.m.c.i.l.LifecycleMappingFactory - Using org.eclipse.m2e.jdt.JarLifecycleMapping lifecycle mapping for MavenProject: org.itech:dataexport-api:0.0.0.9 @ /Users/pascal/dev/OpenELIS-Global-3/dataexport/dataexport-api/pom.xml.
2025-11-19 12:49:28,119 [Worker-24: Building] WARN  o.a.m.s.f.DefaultMavenResourcesFiltering - Using platform encoding (UTF-8 actually) to copy filtered resources, i.e. build is platform dependent!
2025-11-19 12:49:28,120 [Worker-24: Building] INFO  o.a.m.s.f.DefaultMavenResourcesFiltering - skip non existing resourceDirectory /Users/pascal/dev/OpenELIS-Global-3/dataexport/dataexport-api/src/main/resources
2025-11-19 12:49:28,122 [Worker-24: Building] WARN  o.a.m.s.f.DefaultMavenResourcesFiltering - Using platform encoding (UTF-8 actually) to copy filtered resources, i.e. build is platform dependent!
2025-11-19 12:49:28,122 [Worker-24: Building] INFO  o.a.m.s.f.DefaultMavenResourcesFiltering - skip non existing resourceDirectory /Users/pascal/dev/OpenELIS-Global-3/dataexport/dataexport-api/src/test/resources
2025-11-19 12:49:28,406 [Worker-24: Building] INFO  o.e.m.c.i.l.LifecycleMappingFactory - Using org.eclipse.m2e.jdt.JarLifecycleMapping lifecycle mapping for MavenProject: org.itech:dataexport-core:0.0.0.9 @ /Users/pascal/dev/OpenELIS-Global-3/dataexport/dataexport-core/pom.xml.
2025-11-19 12:49:28,492 [Worker-24: Building] INFO  o.e.m.c.i.l.LifecycleMappingFactory - Using org.eclipse.m2e.jdt.JarLifecycleMapping lifecycle mapping for MavenProject: org.itech:dataexport-api:0.0.0.9 @ /Users/pascal/dev/OpenELIS-Global-3/dataexport/dataexport-api/pom.xml.
2025-11-19 12:49:28,498 [Worker-24: Building] INFO  o.e.m.c.i.p.WorkspaceClassifierResolverManager - Resolving P/dataexport-core: org.itech:dataexport-core:0.0.0.9 with classifier  to /dataexport-core/target/classes
2025-11-19 12:49:28,532 [Worker-24: Building] WARN  o.a.m.s.f.DefaultMavenResourcesFiltering - Using platform encoding (UTF-8 actually) to copy filtered resources, i.e. build is platform dependent!
2025-11-19 12:49:28,532 [Worker-24: Building] INFO  o.a.m.s.f.DefaultMavenResourcesFiltering - skip non existing resourceDirectory /Users/pascal/dev/OpenELIS-Global-3/dataexport/dataexport-core/src/main/resources
2025-11-19 12:49:28,533 [Worker-24: Building] WARN  o.a.m.s.f.DefaultMavenResourcesFiltering - Using platform encoding (UTF-8 actually) to copy filtered resources, i.e. build is platform dependent!
2025-11-19 12:49:28,533 [Worker-24: Building] INFO  o.a.m.s.f.DefaultMavenResourcesFiltering - skip non existing resourceDirectory /Users/pascal/dev/OpenELIS-Global-3/dataexport/dataexport-core/src/test/resources
2025-11-19 12:49:29,685 [Worker-23: Building] WARN  o.a.m.s.f.DefaultMavenResourcesFiltering - Using platform encoding (UTF-8 actually) to copy filtered resources, i.e. build is platform dependent!
2025-11-19 12:49:29,685 [Worker-23: Building] INFO  o.a.m.s.f.DefaultMavenResourcesFiltering - skip non existing resourceDirectory /Users/pascal/dev/OpenELIS-Global-3/dataexport/dataexport-api/src/main/resources
2025-11-19 12:49:29,686 [Worker-23: Building] WARN  o.a.m.s.f.DefaultMavenResourcesFiltering - Using platform encoding (UTF-8 actually) to copy filtered resources, i.e. build is platform dependent!
2025-11-19 12:49:29,686 [Worker-23: Building] INFO  o.a.m.s.f.DefaultMavenResourcesFiltering - skip non existing resourceDirectory /Users/pascal/dev/OpenELIS-Global-3/dataexport/dataexport-api/src/test/resources
2025-11-19 12:49:29,741 [Worker-23: Building] WARN  o.a.m.s.f.DefaultMavenResourcesFiltering - Using platform encoding (UTF-8 actually) to copy filtered resources, i.e. build is platform dependent!
2025-11-19 12:49:29,741 [Worker-23: Building] INFO  o.a.m.s.f.DefaultMavenResourcesFiltering - skip non existing resourceDirectory /Users/pascal/dev/OpenELIS-Global-3/dataexport/dataexport-core/src/main/resources
2025-11-19 12:49:29,743 [Worker-23: Building] WARN  o.a.m.s.f.DefaultMavenResourcesFiltering - Using platform encoding (UTF-8 actually) to copy filtered resources, i.e. build is platform dependent!
2025-11-19 12:49:29,743 [Worker-23: Building] INFO  o.a.m.s.f.DefaultMavenResourcesFiltering - skip non existing resourceDirectory /Users/pascal/dev/OpenELIS-Global-3/dataexport/dataexport-core/src/test/resources
2025-11-19 12:50:55,997 [Worker-8: Loading available Gradle versions] INFO  o.e.b.c.i.u.g.PublishedGradleVersions - Gradle version information cache is up-to-date. Trying to read.
2025-11-26 08:53:38,070 [Worker-0: Loading available Gradle versions] INFO  o.e.b.c.i.u.g.PublishedGradleVersions - Gradle version information cache is up-to-date. Trying to read.
2025-12-04 10:38:45,426 [Worker-0: Deferred Early Start] INFO  o.a.h.c.h.i.c.HttpRequestRetryExec - Recoverable I/O exception (java.net.SocketException) caught when processing request to {s}->https://www.eclipse.org:443
